<?xml version="1.0" encoding="UTF-8"?>
<!-- Generated by org.testng.reporters.JUnitReportReporter -->
<testsuite skipped="0" hostname="Ceroshs-MacBook-Pro.local" name="seleniumExecutionProject.BasicProgram" tests="1" failures="0" timestamp="23 May 2018 09:51:19 GMT" time="6.922" errors="0">
  <testcase name="navigate" time="6.922" classname="seleniumExecutionProject.BasicProgram"/>
</testsuite> <!-- seleniumExecutionProject.BasicProgram -->
